<?xml version="1.0" encoding="UTF-8"?>
<!-- Generated by org.testng.reporters.JUnitReportReporter -->
<testsuite hostname="DESKTOP-C08AF09" failures="0" tests="6" name="api.test.DDTestsForStudent" time="2.106" errors="0" timestamp="2023-12-13T22:24:17 IST" skipped="0">
  <testcase classname="api.test.DDTestsForStudent" name="testPostStudent" time="0.049"/>
  <system-out/>
  <testcase classname="api.test.DDTestsForStudent" name="testPostStudent" time="1.878"/>
  <system-out/>
  <testcase classname="api.test.DDTestsForStudent" name="testPostStudent" time="0.038"/>
  <system-out/>
  <testcase classname="api.test.DDTestsForStudent" name="testGetStudentByName" time="0.028"/>
  <system-out/>
  <testcase classname="api.test.DDTestsForStudent" name="testGetStudentByName" time="0.076"/>
  <system-out/>
  <testcase classname="api.test.DDTestsForStudent" name="testGetStudentByName" time="0.037"/>
  <system-out/>
</testsuite> <!-- api.test.DDTestsForStudent -->
