<?xml version="1.0" encoding="UTF-8"?>
<!-- Generated by org.testng.reporters.JUnitReportReporter -->
<testsuite hostname="DESKTOP-C08AF09" failures="0" tests="4" name="api.test.StudentTests" time="2.076" errors="0" timestamp="2023-12-14T17:13:59 IST" skipped="0">
  <testcase classname="api.test.StudentTests" name="testPostStudent" time="1.806"/>
  <system-out/>
  <testcase classname="api.test.StudentTests" name="testGetStudentByName" time="0.078"/>
  <system-out/>
  <testcase classname="api.test.StudentTests" name="testUpdateStudentByName" time="0.153"/>
  <system-out/>
  <testcase classname="api.test.StudentTests" name="testDeleteStudentByName" time="0.039"/>
  <system-out/>
</testsuite> <!-- api.test.StudentTests -->
